<?xml version="1.0" encoding="UTF-8"?>
<!-- Generated by org.testng.reporters.JUnitXMLReporter -->
<testsuite ignored="0" hostname="TechEZone" failures="0" tests="9" name="Surefire test" time="0.094" errors="0" timestamp="2024-12-19T10:57:23 IST">
  <testcase classname="com.fitpeo.testcase.BaseClass" name="@BeforeClass setUp" time="-1.734586043517E9">
    <failure type="org.testng.TestNGException" message="
Parameter &amp;apos;os&amp;apos; is required by BeforeClass on method setUp but has not been marked @Optional or defined
">
      <![CDATA[org.testng.TestNGException: 
Parameter 'os' is required by BeforeClass on method setUp but has not been marked @Optional or defined

at java.base/java.util.ArrayList.forEach(ArrayList.java:1511)
... Removed 27 stack frames]]>
    </failure>
  </testcase> <!-- @BeforeClass setUp -->
  <testcase classname="com.fitpeo.testcase.BaseClass" name="@AfterClass tearDown" time="0.0">
    <skipped/>
  </testcase> <!-- @AfterClass tearDown -->
  <testcase classname="com.fitpeo.testcase.BaseClass" name="@BeforeClass setUp" time="-1.734586043548E9">
    <failure type="org.testng.TestNGException" message="
Parameter &amp;apos;os&amp;apos; is required by BeforeClass on method setUp but has not been marked @Optional or defined
">
      <![CDATA[org.testng.TestNGException: 
Parameter 'os' is required by BeforeClass on method setUp but has not been marked @Optional or defined

at java.base/java.util.ArrayList.forEach(ArrayList.java:1511)
... Removed 27 stack frames]]>
    </failure>
  </testcase> <!-- @BeforeClass setUp -->
  <testcase classname="com.fitpeo.testcase.BaseClass" name="@AfterClass tearDown" time="0.0">
    <skipped/>
  </testcase> <!-- @AfterClass tearDown -->
  <testcase classname="com.fitpeo.testcase.TC001_HomePageTest" name="verify_navigation_of_homepage" time="0.0">
    <skipped/>
  </testcase> <!-- verify_navigation_of_homepage -->
  <testcase classname="com.fitpeo.testcase.TC002_RevenueCalculatorTest" name="verify_navigation_of_revenue_calculator" time="0.0">
    <skipped/>
  </testcase> <!-- verify_navigation_of_revenue_calculator -->
  <testcase classname="com.fitpeo.testcase.TC002_RevenueCalculatorTest" name="verify_page_is_scrollable_till_the_slider" time="0.0">
    <skipped/>
  </testcase> <!-- verify_page_is_scrollable_till_the_slider -->
  <testcase classname="com.fitpeo.testcase.TC002_RevenueCalculatorTest" name="verify_the_slider_is_adjustable_till_the_value" time="0.0">
    <skipped/>
  </testcase> <!-- verify_the_slider_is_adjustable_till_the_value -->
  <testcase classname="com.fitpeo.testcase.TC002_RevenueCalculatorTest" name="validate_the_slider_value_and_input_value" time="0.0">
    <skipped/>
  </testcase> <!-- validate_the_slider_value_and_input_value -->
  <testcase classname="com.fitpeo.testcase.TC002_RevenueCalculatorTest" name="verify_the_slider_input_value_updatable" time="0.0">
    <skipped/>
  </testcase> <!-- verify_the_slider_input_value_updatable -->
  <testcase classname="com.fitpeo.testcase.TC002_RevenueCalculatorTest" name="validate_the_slidervalue_with_updated_sliderinput" time="0.0">
    <skipped/>
  </testcase> <!-- validate_the_slidervalue_with_updated_sliderinput -->
  <testcase classname="com.fitpeo.testcase.TC002_RevenueCalculatorTest" name="verify_the_cptCodes_are_clickable" time="0.0">
    <skipped/>
  </testcase> <!-- verify_the_cptCodes_are_clickable -->
  <testcase classname="com.fitpeo.testcase.TC002_RevenueCalculatorTest" name="verify_the_total_recurring_reimbursement" time="0.0">
    <skipped/>
  </testcase> <!-- verify_the_total_recurring_reimbursement -->
</testsuite> <!-- Surefire test -->
